<?xml version="1.0" encoding="UTF-8"?>
<testsuite xmlns:xsi="http://www.w3.org/2001/XMLSchema-instance" xsi:schemaLocation="https://maven.apache.org/surefire/maven-surefire-plugin/xsd/surefire-test-report.xsd" name="PersonTest" time="0.269" tests="7" errors="0" skipped="0" failures="3">
  <properties>
[...]
</properties>
  <testcase name="testisTeenager" classname="PersonTest" time="0.01">
    <failure message="expected:&lt;true&gt; but was:&lt;false&gt;" type="java.lang.AssertionError"><![CDATA[java.lang.AssertionError: expected:<true> but was:<false>
	at PersonTest.testisTeenager(PersonTest.java:25)
]]></failure>
    <system-out><![CDATA[Configuring TestNG with: TestNG60Configurator
true
]]></system-out>
  </testcase>
  <testcase name="testisTeenager" classname="PersonTest" time="0">
    <failure message="expected:&lt;true&gt; but was:&lt;false&gt;" type="java.lang.AssertionError"><![CDATA[java.lang.AssertionError: expected:<true> but was:<false>
	at PersonTest.testisTeenager(PersonTest.java:25)
]]></failure>
    <system-out><![CDATA[true
]]></system-out>
  </testcase>
  <testcase name="testisTeenager" classname="PersonTest" time="0"/>
  <testcase name="testisTeenager" classname="PersonTest" time="0"/>
  <testcase name="testisTeenager" classname="PersonTest" time="0">
    <failure message="expected:&lt;false&gt; but was:&lt;true&gt;" type="java.lang.AssertionError"><![CDATA[java.lang.AssertionError: expected:<false> but was:<true>
	at PersonTest.testisTeenager(PersonTest.java:25)
]]></failure>
    <system-out><![CDATA[false
]]></system-out>
  </testcase>
  <testcase name="testisTeenager" classname="PersonTest" time="0.001"/>
  <testcase name="testisTeenager" classname="PersonTest" time="0"/>
</testsuite>